"blank"				"=========================="
"blank"				"Communication"
"blank"				"=========================="
"messagemode"			"Chat message"
"messagemode2"			"Team chat message"
"holler1"				"Holler menu 1"
"holler2"				"Holler menu 2"
"blank"				"=========================="
"blank"				"Statistics"
"blank"				"=========================="
"showstats 0"			"View statistics"
"votemaps"				"Vote for map"
"lockedstats"			"Show observed player stats"
"topscores"				"View top 10 on server"
"adminmenu"				"View admin menu (admins only"
"blank"				"=========================="
"blank"				"Menu"
"blank"				"=========================="
"buy" 				"Buy menu"
"buyammo1"   			"Buy primary ammo"
"buyammo2" 				"Buy secondary ammo"
"chooseteam" 			"Select team"
"slot10"				"Menu Item 0"
"slot1"				"Menu Item 1"
"slot2"				"Menu Item 2"
"slot3" 				"Menu Item 3"
"slot4"				"Menu Item 4"
"slot5"				"Menu Item 5"
"slot6"				"Menu Item 6"
"slot7"				"Menu Item 7"
"slot8"				"Menu Item 8"
"slot9"				"Menu Item 9"
"+showscores"			"Display multiplayer scores"
"blank"				"=========================="
"blank"				"Movement"
"blank"				"=========================="
"+forward"				"Move forward"
"+back"				"Move back"
"+left"				"Turn left"
"+right"				"Turn right"
"+moveleft"				"Move left (strafe)"
"+moveright"			"Move right (strafe)"
"+speed"            		"Walk"
"+jump"				"Jump"
"+duck"				"Duck"
"+lookup"				"Look up"
"+lookdown"				"Look down"
"centerview"			"Reset view"
"+strafe"				"Strafe modifier"
"+mlook"				"Mouse look"
"+klook"				"Keyboard look"
"blank"				"=========================="
"blank"				"Combat"
"blank"				"=========================="
"+attack"				"Fire"
"+attack2"				"Weapon special function"
"+reload"				"Reload weapon"
"invprev"				"Previous weapon (optional)"
"invnext"				"Next weapon (optional)"
"lastinv"				"Last used weapon (optional)"
"drop"	 			"Drop current Weapon"
"blank"				"=========================="
"blank"				"Miscellaneous"
"blank"				"=========================="
"+use"				"Use item (buttons, doors, ...)"
"impulse 201"			"Spray logo"
"snapshot"				"Take screen shot"
"quit"				"Quit game"